C51 COMPILER V9.01   ADC0809                                                               04/16/2021 17:33:53 PAGE 1   


C51 COMPILER V9.01, COMPILATION OF MODULE ADC0809
OBJECT MODULE PLACED IN adc0809.OBJ
COMPILER INVOKED BY: C:\Keil_v5\C51\BIN\C51.EXE adc0809.c LARGE OPTIMIZE(8,SPEED) BROWSE DEBUG OBJECTEXTEND TABS(2)

line level    source

   1          #include "adc0809.h"
   2          
   3          /********转换函数********/
   4          void ADC(unsigned char *ad)
   5          {
   6   1        /*STR=1;              //STR脉冲启动AD转换
   7   1        STR=0;*/
   8   1        START = 1;//脉冲启动AD转换
   9   1        ALE = 1;
  10   1        START = 0;
  11   1        ALE = 0;
  12   1        while(EOC==0);          //等待转换结束
  13   1        OE=1;
  14   1        *ad = ADC0809_DATA;       //读取AD数据，数据范围为0-255
  15   1        OE=0;
  16   1      }
  17          
  18          /*********T1定时器初始化*********/
  19          void T1Init()
  20          {
  21   1          TMOD &= 0x0F;         //清零T1的控制位
  22   1          TMOD |= 0x20;         //配置T1为模式2(8位自动重装模式)
  23   1        TH1 = (65536-46080)/256;
  24   1        TL1 = (65536-46080)%256;
  25   1        ET1  = 1;           //开定时器1中断
  26   1        TR1  = 1;           //启动定时器T1
  27   1      }
  28          
  29          /*********ADC0809初始化*********/
  30          void ADCInit()
  31          {
  32   1        T1Init();
  33   1        OE=0;
  34   1        //STR=0;
  35   1        START = 0;
  36   1        ALE = 0;
  37   1      }
  38          
  39          /************T1中断服务程序************/
  40          void T1_ISR() interrupt 3 using 0
  41          {
  42   1        CLK = ~CLK;           //利用T1中断产生CLK信号
  43   1      }
  44          
  45          void Delay10Ms(unsigned int Ms)
  46          
  47          {
  48   1      unsigned char i,j,k;
  49   1      for(;Ms>0;Ms--)
  50   1        
  51   1      for(i=5;i>0;i--)
  52   1      
  53   1      for(j=4;j>0;j--)
  54   1      
  55   1      for(k=248;k>0;k--);
C51 COMPILER V9.01   ADC0809                                                               04/16/2021 17:33:53 PAGE 2   

  56   1      
  57   1      }


MODULE INFORMATION:   STATIC OVERLAYABLE
   CODE SIZE        =     80    ----
   CONSTANT SIZE    =   ----    ----
   XDATA SIZE       =   ----    ----
   PDATA SIZE       =   ----    ----
   DATA SIZE        =   ----    ----
   IDATA SIZE       =   ----    ----
   BIT SIZE         =   ----    ----
END OF MODULE INFORMATION.


C51 COMPILATION COMPLETE.  0 WARNING(S),  0 ERROR(S)
